0 2 3 8 9 10 11 12 13 14 15 16 17 18 19 20 21 22 23 24 25 26 27 28 29 30 31 64 65 66 67 68 69 70 71 72 73 74 75 76 77 78 79 88 89 90 91 92 80 32 4 93 84 48 6 81 36 82 40 83 44 85 52 86 56 87 60 34 38 42 46 50 54 58 62
0 92
0 93
2 4
3 6
8 16
8 4
9 18
10 20
11 22
12 24
12 6
13 26
14 28
15 30
16 32
17 34
18 36
19 38
20 40
21 42
22 44
23 46
24 48
25 50
26 52
27 54
28 56
29 58
30 60
31 62
64 80
64 32
65 80
65 34
66 81
66 36
67 81
67 38
68 82
68 40
69 82
69 42
70 44
70 83
71 46
71 83
72 48
72 84
73 50
73 84
74 52
74 85
75 54
75 85
76 56
76 86
77 58
77 86
78 60
78 87
79 62
79 87
88 81
88 92
88 80
89 82
89 92
89 83
90 85
90 84
90 93
91 86
91 87
91 93