0 4 6 9 10 12 13 14 16 17 20 23 24 27 30 31 33 38 39 40 42 43 44 47 48 50 52 54 55 56 57 58 65 66 68 69 70 71 74 76 77 78 79 81 84 85 86 87 92 94 95 96 29 2 32 22 73 99 37 18 45 28 51 19
0 56
0 33
0 32
0 51
0 76
0 29
4 2
6 12
6 50
9 22
9 65
10 44
12 32
13 29
13 2
13 94
13 28
14 31
16 27
16 44
17 73
20 99
23 32
23 86
24 37
30 22
31 68
31 76
31 58
33 95
33 87
33 40
33 22
33 78
38 18
39 77
42 95
43 45
44 32
44 66
47 22
48 28
52 69
54 84
55 51
56 19
56 18
57 92
57 29
69 32
70 76
71 22
74 51
76 96
76 37
76 73
77 32
79 84
81 19
84 29
84 45
84 99
85 51