0 1 2 3 4 5 6 8 9 10 11 12 13 14 15 16 17 18 19 20 22 23 24 25 28 30 34 35 40 43 46 47 52 55 63 66 67 72 77 81 86 88 89 90 99 91 21 93 49 26 58 61 27 83 94 97 60 37 7 92 69 59 38 73
0 27
0 26
0 25
0 22
1 30
1 14
2 6
3 16
3 6
4 37
4 38
4 21
5 40
6 43
8 49
9 52
9 10
10 55
10 17
11 60
11 58
11 59
11 20
11 18
12 61
13 66
13 18
14 67
15 17
16 73
16 21
19 83
20 7
22 91
22 93
22 92
22 21
23 94
24 97
25 58
28 60
34 37
35 83
40 93
46 90
47 7
52 97
52 26
63 69
67 91
67 61
72 59
77 38
81 99
86 73
88 21
89 21
90 21
90 49
99 93
99 94
27 83
92 69