0 2 3 6 8 9 14 15 19 20 22 25 27 28 32 33 36 38 41 43 44 46 47 48 49 50 53 54 61 66 67 68 69 71 72 74 76 80 81 83 85 86 89 92 98 1 4 5 16 10 11 24 52 35 45 56 57 58 59 55 60 62 64 82 93 94 88
0 1
0 10
0 11
2 1
2 3
3 4
6 5
8 27
9 28
14 5
14 15
14 4
15 25
15 16
19 28
20 10
22 11
25 35
25 24
27 36
27 16
27 28
28 38
32 33
32 41
33 24
38 47
41 50
41 52
43 52
44 45
44 53
46 45
46 35
46 56
48 57
48 58
49 59
50 60
54 55
54 64
61 62
66 76
66 55
66 67
67 98
67 56
67 57
67 68
69 58
69 59
71 72
71 80
71 60
71 62
74 64
76 86
80 81
81 82
83 82
83 93
83 92
85 94
89 88
98 88
93 94