0 1 2 3 7 9 11 13 14 18 21 25 27 28 29 30 31 32 33 36 37 38 42 43 44 50 53 59 63 64 66 68 70 73 75 76 78 79 80 82 89 90 94 95 96 61 6 65 55 69 71 72 74 77 83 84 85 86 87 88 91 92 93 97 98 99 22
0 2
0 55
0 72
0 98
0 64
0 76
0 84
0 97
0 80
0 70
0 95
0 85
0 68
0 69
0 79
0 89
0 90
0 82
0 86
0 91
0 61
0 93
0 78
0 63
0 66
0 65
0 83
0 99
0 74
0 73
0 96
0 94
0 75
0 87
0 71
0 88
0 92
0 77
1 61
2 28
3 6
7 59
7 65
9 55
11 50
11 69
13 71
14 72
18 74
21 77
25 55
27 83
29 84
30 85
31 86
32 87
33 88
36 91
37 92
38 93
42 97
43 98
44 99
53 22
64 6
78 22