0 1 3 4 7 8 10 12 13 17 19 20 22 25 26 27 28 29 30 31 33 34 35 36 37 38 39 40 41 43 48 49 50 54 56 58 60 61 62 63 64 67 70 73 74 77 79 81 82 83 84 86 87 91 92 93 96 97 99 21 89 47 68 24 59 95 78 6
0 74
0 68
0 47
0 56
0 61
0 81
0 17
0 38
0 41
0 3
0 84
0 78
1 21
3 48
3 59
3 33
3 87
3 70
3 54
4 62
7 89
8 47
10 81
12 61
13 56
17 27
17 89
17 25
19 81
20 83
22 56
26 37
28 24
29 84
30 54
31 59
34 37
35 38
36 84
37 56
37 77
38 79
38 67
38 96
39 99
39 74
40 49
41 97
43 62
49 74
50 95
56 60
56 62
56 21
58 62
61 92
62 91
63 78
64 81
73 6
74 6
74 24
81 95
82 68
83 68
86 47
93 78