1 3 5 7 8 10 12 14 15 17 19 20 22 24 25 27 29 30 32 35 37 39 41 43 45 47 49 50 52 53 55 57 59 60 62 64 66 67 69 71 73 75 77 79 80 82 84 86 89 91 93 95 97 2 4 6 0 11 16 9 21 23 28 31 36 38 40 42 51 46 54 56 61 63 65 70 76 81 83 85 90 92 94 96
1 2
1 0
3 2
3 4
5 14
5 4
5 6
7 6
7 8
8 9
10 11
10 0
10 20
12 11
14 15
15 16
15 27
17 16
19 9
20 30
20 21
22 21
22 23
24 23
24 25
27 28
29 39
29 28
30 40
30 31
32 31
35 36
37 38
39 49
39 38
41 40
41 42
43 42
45 51
45 46
47 46
49 59
49 36
50 40
50 60
50 51
52 51
52 53
53 54
55 54
55 56
55 65
57 56
59 69
60 70
60 61
62 61
62 63
64 63
66 77
66 65
66 67
69 79
71 70
73 80
75 76
77 76
79 89
80 70
80 81
80 90
82 81
82 83
84 83
84 85
86 85
91 90
91 92
93 92
93 94
95 94
95 96
97 96