0 1 2 3 4 6 8 10 12 13 14 15 16 17 18 19 20 21 22 23 24 27 33 34 40 41 42 44 46 47 48 49 52 53 54 56 58 59 60 65 71 72 73 76 80 91 96 30 26 36 43 57 25 68 95 86 38 93 99 84 5 61 70 9 64 78
0 26
0 27
0 25
0 15
1 30
2 33
2 19
3 36
4 10
6 44
6 43
6 12
6 17
8 49
10 19
10 5
13 65
13 64
13 16
14 68
15 72
15 70
15 71
15 23
15 19
16 73
18 80
18 21
19 84
19 9
20 86
22 93
23 96
23 95
24 99
27 43
27 57
34 71
40 84
41 5
42 61
46 84
47 78
47 96
48 60
48 70
49 57
49 99
52 9
52 76
53 9
54 70
56 26
58 38
58 93
59 64
65 86
65 68
65 25
71 61
72 38
80 95
91 78
96 30
26 36