0 1 3 6 10 11 13 16 19 22 23 24 25 28 29 33 34 36 37 39 40 41 42 43 46 49 50 53 55 57 58 60 63 65 67 69 72 73 74 76 78 83 85 87 88 89 90 91 92 94 95 96 97 98 99 8 17 77 27 30 4 70 80 21 93 84 44
0 17
0 91
0 24
0 78
0 30
0 8
1 85
1 96
1 29
1 13
3 34
6 77
10 94
11 27
16 30
16 39
19 42
19 8
19 53
22 74
22 78
23 8
23 60
23 33
23 49
24 44
24 37
24 93
24 36
25 40
28 63
34 91
34 27
34 67
34 87
40 73
41 96
43 94
46 4
50 70
53 83
55 98
55 77
55 17
57 17
57 4
57 90
58 80
63 30
65 21
69 98
72 93
73 8
73 70
73 84
76 84
78 80
78 21
88 96
89 94
91 92
94 8
95 21
96 8
97 44
99 44