0 2 5 6 7 13 15 16 17 18 19 20 22 23 24 27 28 30 34 36 37 38 39 40 41 43 44 45 48 50 51 52 54 55 56 60 61 62 63 64 65 66 68 69 70 71 72 73 75 76 78 81 82 83 84 85 87 88 91 92 93 94 95 96 97 98 99 47 46 10 8 89 26 4 57 32 59 74
0 56
0 59
0 71
0 78
0 54
0 89
0 5
0 2
0 87
2 62
2 55
2 85
2 10
2 69
2 7
5 38
5 20
5 50
5 92
6 63
6 94
6 54
6 98
6 99
6 16
13 85
15 47
17 46
18 54
18 34
19 10
20 36
22 27
23 8
24 56
27 56
28 89
30 54
37 54
37 52
39 61
40 87
41 26
43 4
44 57
45 84
45 78
48 78
50 65
51 32
54 75
54 4
54 46
56 32
56 26
56 88
60 62
61 78
64 71
66 10
68 59
70 92
71 57
71 83
71 95
71 76
72 87
73 78
78 47
78 8
81 10
82 74
87 74
91 89
91 93
96 26
97 89