1 2 4 5 6 8 9 11 12 13 14 15 16 20 21 23 24 27 28 29 32 33 34 35 36 37 39 40 41 42 43 44 46 47 48 49 51 52 53 55 59 61 62 66 71 73 78 79 82 89 92 99 83 38 67 80 60 85 18 68 95 69 90 58 7 10 81 3 26 74 17 77 65 25 19 64 86
1 40
1 83
1 73
2 68
2 36
2 61
4 8
4 65
5 83
5 18
5 13
6 32
8 67
8 10
9 16
9 27
11 68
12 43
12 23
12 69
13 95
13 92
14 80
14 74
14 86
15 90
15 39
15 49
16 90
16 18
20 60
20 41
20 85
21 27
23 33
24 48
24 18
28 67
28 82
29 58
32 85
34 7
35 81
36 83
37 3
40 80
41 77
42 26
44 95
46 17
47 77
48 7
48 26
51 10
52 17
52 74
53 66
55 25
59 19
62 64
62 58
66 74
71 69
71 95
71 19
73 38
78 90
79 64
89 81
89 10
92 3
92 58
99 86
38 67
80 60
65 25