1 2 4 5 6 8 9 10 12 13 15 17 19 20 21 23 25 26 28 30 32 33 35 37 39 41 43 44 46 48 50 52 54 55 56 58 60 62 63 65 67 68 71 73 75 77 80 81 83 85 86 88 90 92 93 96 97 98 3 0 7 84 22 74 31 42 49 61 24
1 2
1 92
1 22
1 0
1 85
2 6
2 61
2 84
2 3
2 44
4 3
5 55
6 74
6 13
8 7
9 7
10 85
12 52
12 49
15 90
17 19
19 44
20 84
21 22
21 71
21 31
21 68
21 63
23 22
23 83
25 24
25 67
26 74
28 58
28 30
32 88
32 75
33 31
35 58
37 54
39 7
41 42
43 44
46 85
48 49
48 80
50 49
54 85
55 42
55 0
55 56
55 62
58 22
60 61
65 0
73 3
77 61
81 3
85 86
85 24
85 49
88 92
90 0
92 7
92 93
96 97
97 0
97 98