1 2 3 4 5 6 11 13 14 18 20 21 22 23 24 25 26 29 31 33 35 37 40 41 42 43 44 45 46 51 53 55 56 57 58 59 63 78 79 83 84 85 87 90 94 97 98 19 16 17 30 32 34 36 38 39 76 69 91 92 96 95 99 93 86
1 2
1 17
1 16
1 3
2 18
2 4
2 19
2 14
3 11
3 20
5 19
6 16
13 17
20 29
20 26
20 23
20 24
20 22
20 25
20 21
29 30
31 30
31 32
33 34
33 32
35 34
35 36
37 38
37 36
40 42
40 41
40 45
40 44
40 43
40 46
40 39
51 55
53 55
53 58
53 17
53 56
53 57
55 63
56 59
78 76
78 69
79 76
83 92
84 95
85 96
85 99
85 69
85 91
87 93
90 96
94 91
97 99
97 93
98 86
17 76
38 39
91 92
96 95
99 86