0 2 4 6 8 10 12 14 16 18 20 22 24 26 28 30 33 35 37 39 42 44 47 50 53 55 58 62 66 68 70 72 74 76 78 80 83 85 86 88 90 92 94 96 1 5 99 98 45 46 13 19 75 23 63 27 29 36 40 73 49 54 81 64 65 67 84 89 91 97
0 63
0 99
0 75
0 1
2 13
2 4
2 1
4 49
4 5
6 5
8 98
10 46
12 13
14 13
16 80
18 19
20 55
20 99
20 19
22 75
22 36
22 23
24 23
26 27
28 27
28 29
30 29
33 45
35 36
37 36
39 40
42 73
44 45
44 67
47 46
50 49
53 54
58 81
62 40
62 63
66 65
68 67
70 40
72 73
74 73
74 90
74 75
76 54
76 75
78 27
80 81
80 99
83 1
83 84
85 84
86 13
88 89
90 89
90 91
92 91
94 46
96 97
1 45
99 98
98 97
45 46
63 64
63 27
64 65