0 1 3 5 8 9 10 11 14 17 20 24 28 29 30 31 33 34 37 38 40 45 47 51 52 55 58 61 66 68 71 72 73 75 76 81 84 88 89 90 91 92 93 96 98 99 59 13 62 63 65 67 69 74 77 78 79 80 82 83 86 87 94 95 97
0 20
0 61
0 97
0 37
0 68
0 86
0 84
0 66
0 81
0 72
0 88
0 96
0 73
0 59
0 77
0 80
0 91
0 62
0 82
0 92
0 95
0 93
0 75
0 71
0 67
0 69
0 78
0 87
0 65
0 76
0 90
0 63
0 89
0 79
0 83
0 74
0 94
0 98
0 99
1 45
1 59
3 13
5 37
8 62
9 63
10 20
11 47
11 65
14 67
17 69
24 74
28 77
29 78
30 58
30 79
31 80
33 82
34 83
38 86
40 87
51 94
52 95
55 97
66 13