1 3 5 8 10 16 19 22 24 25 27 31 38 40 42 44 47 49 52 55 57 60 69 72 74 75 77 80 83 86 89 91 94 98 2 4 6 7 0 9 11 23 26 21 29 39 20 30 32 33 34 45 46 54 50 58 68 62 64 65 66 70 82 85 88 81 84
1 0
1 11
1 2
3 2
3 4
5 4
5 6
8 9
8 7
10 0
10 20
16 6
19 9
22 11
22 21
22 23
22 33
22 32
24 25
24 23
25 26
27 29
27 26
31 21
38 39
40 50
40 30
42 52
42 32
44 34
44 54
44 45
47 57
47 46
49 39
52 62
55 65
55 54
57 58
60 50
60 70
69 68
72 81
72 62
72 82
74 75
74 84
74 64
75 85
77 88
77 66
80 70
83 82
86 85
89 88
91 81
94 84
98 88
6 7
29 39
20 30
33 34
45 46
54 64
58 68
65 66