0 4 6 8 10 14 16 18 20 24 26 28 30 34 36 38 40 44 46 48 50 54 56 58 60 64 66 68 70 74 76 78 80 84 86 88 90 94 96 98 1 3 5 9 13 15 19 23 25 29 33 35 39 43 45 49 95 85 75 65 55 99 89 79 69
0 1
0 3
0 5
0 95
4 1
4 9
4 99
6 3
8 5
10 13
10 5
10 15
14 9
14 19
16 13
18 15
20 23
20 15
20 25
24 19
24 29
26 23
28 25
30 33
30 25
30 35
34 29
34 39
36 33
38 35
40 43
40 35
40 45
44 39
44 49
46 43
48 45
50 45
54 49
56 55
58 55
60 65
60 55
64 69
66 65
68 65
70 75
70 65
74 79
74 69
76 75
78 75
80 85
80 75
84 89
84 79
86 85
88 85
90 95
90 85
94 99
94 89
96 95
98 1