0 1 2 3 6 7 8 9 11 12 15 18 21 23 25 27 28 29 30 31 36 37 38 40 41 42 44 46 48 49 53 57 59 61 62 67 72 73 74 75 78 80 85 86 87 88 92 98 97 22 82 66 95 60 68 69 70 91 71 33 17 76 77 79 81 4 89 90 94 96 39
0 30
0 4
0 40
0 75
0 77
0 71
0 91
0 98
0 97
0 87
0 67
0 88
0 90
0 68
0 69
0 92
0 86
0 74
0 89
0 82
0 96
0 79
0 94
0 81
0 66
0 95
0 70
0 76
0 73
0 80
0 78
0 85
0 72
1 22
2 28
3 66
6 31
7 68
8 69
9 70
11 59
11 38
12 49
12 71
15 33
18 17
21 76
23 77
25 79
27 81
28 82
29 4
31 53
36 62
36 89
37 90
38 91
41 94
42 60
42 95
44 96
46 22
46 97
48 4
53 60
57 61
57 39
73 17
86 33
92 39