0 1 2 5 6 7 8 9 13 14 16 18 19 20 21 23 24 25 26 27 29 30 32 33 35 37 38 39 42 43 44 45 47 48 51 56 57 60 62 63 64 65 66 68 69 70 71 72 73 74 75 76 77 78 81 82 84 87 88 90 95 97 98 40 31 28 67 36 17 86 53 54 58 41 80 94
0 28
0 88
0 71
0 45
0 36
0 43
1 44
1 68
1 45
2 40
5 14
5 31
5 42
5 24
6 43
6 90
6 62
6 97
7 31
8 45
9 51
13 64
13 31
13 54
13 74
13 30
13 39
13 67
16 23
16 28
18 29
19 29
20 45
20 69
21 28
21 76
25 67
26 35
26 28
27 45
29 71
32 36
33 40
37 17
38 82
43 80
43 40
43 73
45 51
45 17
47 17
48 88
51 72
56 86
57 58
57 81
57 28
57 31
60 53
63 54
65 36
66 90
70 31
71 41
71 53
75 28
77 40
78 58
82 28
84 41
87 28
95 94
98 80
98 94
36 86