0 2 3 6 7 10 12 15 17 19 20 22 24 25 26 29 31 33 35 37 39 41 43 45 47 48 50 51 53 55 57 60 62 65 67 69 70 72 74 75 76 79 81 83 85 87 89 91 93 95 97 98 1 5 9 14 13 18 23 27 30 32 34 36 38 40 42 44 46 49 52 59 64 63 68 73 77 80 82 84 86 88 90 92 94 96
0 1
0 2
0 9
2 5
2 3
6 1
7 5
10 9
10 12
12 13
12 14
15 14
17 18
17 13
19 20
19 18
19 22
22 23
24 25
24 26
24 23
25 27
29 30
29 27
31 30
31 32
33 32
33 34
35 34
35 36
37 36
37 38
39 38
39 40
41 42
41 40
43 44
43 42
45 44
45 46
47 48
47 46
48 49
50 51
50 52
50 49
50 59
53 52
55 57
55 52
60 59
60 62
62 63
62 64
65 64
67 68
67 63
69 70
69 68
69 72
72 73
74 75
74 76
74 73
75 77
79 80
79 77
81 80
81 82
83 82
83 84
85 84
85 86
87 86
87 88
89 88
89 90
91 92
91 90
93 94
93 92
95 94
95 96
97 98
97 96