0 1 2 4 5 7 9 11 13 14 15 16 17 20 22 23 24 25 27 30 33 37 39 40 44 50 52 58 60 66 68 69 70 76 78 82 84 85 87 88 90 91 92 94 95 96 98 62 64 65 67 71 72 73 74 75 77 42 79 81 83 86 89 93 97 99 47
0 24
0 2
0 67
0 84
0 70
0 25
0 92
0 82
0 81
0 75
0 89
0 90
0 96
0 94
0 68
0 91
0 95
0 93
0 87
0 78
0 99
0 88
0 76
0 72
0 79
0 66
0 64
0 97
0 74
0 77
0 85
0 71
0 86
0 62
0 73
0 98
0 83
0 65
0 69
1 62
4 64
5 37
5 65
7 67
9 11
9 58
9 25
13 71
14 72
15 73
16 40
16 74
17 75
20 77
22 42
23 79
27 81
30 83
33 86
39 47
39 89
44 93
50 97
52 99
60 47
91 42