0 2 3 6 8 10 12 14 15 18 20 22 26 28 29 30 33 35 37 40 42 44 46 48 51 53 54 55 58 60 62 65 67 69 71 73 76 78 79 80 83 85 87 89 91 93 95 98 1 4 5 7 9 13 17 21 23 49 31 32 25 47 45 39 38 43 74 56 57 50 72 70 64 63 68 99 81 82 75 97 96 94 88 90
0 1
0 4
0 5
2 1
2 9
3 4
6 5
6 23
8 7
8 21
10 9
12 13
12 17
14 5
14 15
18 17
18 49
20 21
22 23
26 32
28 29
29 25
30 31
30 25
30 39
33 46
35 44
37 38
40 74
40 39
42 43
44 45
44 43
46 47
46 45
48 49
48 31
48 47
51 57
53 54
54 50
55 56
55 50
55 64
58 71
60 69
62 63
65 64
65 99
67 68
69 70
69 68
71 72
71 70
73 74
73 56
73 72
76 82
78 79
79 75
80 81
80 75
80 89
83 96
85 94
87 88
89 88
89 90
91 90
93 94
95 96
95 94
98 99
98 81
98 97
1 7
4 13
31 32
39 38
56 57
64 63
81 82
97 96