0 3 5 6 8 10 11 12 13 15 19 20 23 24 29 30 31 34 35 38 41 43 44 46 48 50 51 52 56 57 61 64 66 70 72 76 77 79 82 84 86 89 2 14 1 7 22 28 45 40 47 49 55 54 71 69 74 73 78 75 83 87 88
0 3
0 10
0 2
0 1
3 11
5 6
5 7
6 8
8 14
8 28
11 20
12 1
13 2
13 14
15 14
19 45
19 7
19 44
20 22
23 24
23 22
29 28
30 35
30 34
30 28
30 31
31 38
35 50
41 40
43 40
43 46
43 45
46 47
48 47
50 49
50 72
51 52
51 47
51 55
52 54
56 47
57 49
61 55
64 54
66 69
70 71
70 69
70 73
72 74
72 71
76 87
76 75
76 74
77 78
77 73
79 78
82 83
82 75
84 83
86 87
89 88
87 88