0 2 3 10 11 13 15 17 20 23 25 26 27 28 31 33 35 36 37 39 42 44 46 48 50 52 54 55 56 57 58 59 60 61 63 64 65 66 68 69 75 76 83 84 85 86 90 96 97 92 78 34 80 41 74 87 4 91 38
0 74
0 44
0 78
0 92
2 52
3 75
10 34
10 26
11 90
13 80
15 97
17 83
17 96
17 80
20 90
23 42
23 90
25 64
27 48
28 57
31 41
33 75
35 90
36 90
37 75
39 87
44 4
46 4
48 78
48 50
48 41
48 34
52 92
54 90
55 64
56 91
57 60
58 85
59 64
60 92
61 74
61 65
61 87
63 38
64 78
64 76
66 91
68 75
69 90
75 96
84 78
85 96
86 74
86 38
90 78
96 91
96 78
96 97