3 4 7 9 11 13 17 19 20 24 26 28 30 32 34 36 40 42 43 47 48 51 53 55 57 59 61 63 67 69 70 74 75 77 79 82 84 86 88 92 94 95 96 10 12 16 21 23 27 33 35 39 44 46 49 50 54 60 62 66 71 73 78 76 85 87 91
3 7
4 7
7 12
7 11
9 10
11 16
11 10
13 12
17 12
17 21
19 23
19 16
20 16
24 27
24 21
26 23
26 30
28 27
30 35
30 34
32 33
34 39
34 33
36 35
40 35
40 44
42 46
42 39
43 39
47 49
47 44
48 50
48 46
51 54
51 49
53 57
53 50
55 54
57 61
57 62
59 60
61 60
61 66
63 62
67 71
67 62
69 66
69 73
70 66
74 76
74 71
75 73
75 78
77 78
79 76
82 78
82 87
82 86
84 85
86 85
86 91
88 87
92 87
92 96
94 91
95 91