0 2 4 5 8 10 11 13 14 16 18 21 23 24 26 27 29 30 32 34 35 36 39 40 42 44 46 48 50 52 54 56 58 59 60 64 66 67 69 70 77 78 80 83 84 87 88 92 93 1 3 45 17 19 37 49 38 47 61 55 63 62 79 74 75 91
0 32
0 34
0 1
2 1
2 3
4 3
4 21
4 5
5 60
5 8
10 11
11 36
11 38
13 14
14 40
14 39
16 17
18 19
18 23
23 24
23 17
26 27
27 17
29 44
29 30
30 32
32 19
34 45
35 37
36 40
36 37
39 47
39 48
40 45
42 45
46 37
48 49
50 49
52 38
52 91
54 47
56 55
58 55
58 61
59 63
59 61
59 3
60 62
64 63
64 69
66 67
66 69
67 74
69 75
70 79
70 62
77 80
78 79
80 79
83 74
84 75
87 74
88 75
92 91
93 91