0 2 4 7 8 10 11 13 16 21 22 24 25 26 27 28 31 32 33 34 37 38 39 41 44 46 47 48 50 57 68 70 72 75 79 80 81 82 84 88 92 95 97 69 71 73 74 76 77 78 66 83 96 63 85 86 87 89 90 91 93 64 94 42 98 99 67
0 16
0 91
0 98
0 84
0 89
0 72
0 81
0 71
0 74
0 78
0 83
0 96
0 88
0 75
0 97
0 73
0 80
0 76
0 85
0 87
0 82
0 79
0 92
0 69
0 95
0 94
0 68
0 99
0 90
0 93
0 70
0 77
0 86
2 69
4 44
4 71
7 57
7 73
8 25
8 34
8 74
10 76
11 77
13 78
21 66
22 83
24 63
26 64
26 85
27 86
28 67
28 87
31 89
32 90
33 91
37 93
38 64
39 94
41 63
41 96
46 42
47 98
48 99
50 67
57 66
97 42