0 3 4 6 8 9 10 12 13 14 16 18 19 21 22 24 28 29 30 32 33 40 41 42 44 46 47 56 58 59 60 70 71 72 76 78 86 87 89 95 96 15 35 25 7 53 73 62 65 84 99 1 5 74 49 92 91 93 50 26 75
0 26
0 25
0 24
0 15
0 16
3 35
4 15
6 7
8 50
8 49
8 15
8 14
9 53
10 56
10 5
12 62
13 65
16 73
16 74
16 75
16 22
18 21
19 84
21 89
21 1
21 22
22 92
22 93
22 91
24 99
28 99
29 73
30 1
32 47
33 99
40 5
41 5
42 74
44 49
46 62
47 7
47 84
47 25
56 25
56 53
58 92
59 91
60 91
70 15
71 15
72 15
72 35
72 65
76 93
78 50
86 74
87 26
95 93
96 75
73 62