1 2 3 4 6 8 11 13 16 19 24 25 26 27 29 31 33 34 36 39 40 41 43 48 50 51 52 53 54 55 56 58 59 61 62 63 64 67 75 79 81 82 83 89 90 91 92 96 71 47 7 99 15 44 74 68 35 0 20 30 21 42
1 47
1 92
1 24
1 74
1 8
1 7
2 71
3 13
4 67
6 99
8 99
8 68
8 50
8 54
8 53
8 21
8 71
11 7
13 47
16 15
19 7
19 42
24 20
24 35
24 0
24 44
25 44
26 83
27 68
29 74
31 35
31 79
33 48
33 64
33 92
34 92
36 0
39 20
40 99
41 83
43 15
50 61
51 35
52 30
55 47
56 7
58 67
59 96
62 47
63 44
67 7
75 74
81 20
82 20
83 74
89 42
90 68
91 30
92 30
92 15
96 21