1 3 5 7 9 11 13 14 16 18 20 21 23 25 27 29 31 33 36 38 41 43 44 46 48 49 50 53 55 57 59 61 63 64 66 67 70 72 73 76 79 81 83 86 88 90 92 94 97 2 4 8 26 93 0 56 58 54 34 42 71 60 77 10 82 87
1 0
1 2
1 72
1 8
1 43
3 4
3 83
3 2
3 60
5 4
7 29
7 8
9 82
9 10
9 8
9 25
11 26
13 92
14 21
14 64
16 56
18 38
20 48
23 57
27 26
31 54
33 34
36 34
36 55
36 77
36 46
36 0
38 73
41 42
43 93
43 42
43 44
44 87
48 58
49 90
49 50
50 2
53 54
53 86
53 0
57 56
57 0
57 58
59 71
61 60
63 2
63 64
64 97
66 71
66 67
70 71
72 71
72 73
72 26
76 77
79 10
81 82
88 87
92 93
94 93