0 1 2 3 5 6 8 9 10 12 15 16 18 19 20 21 25 26 29 31 32 34 42 43 46 48 50 52 53 54 56 57 59 67 69 72 79 83 85 86 87 90 91 95 97 61 44 62 63 64 65 82 66 68 70 71 73 74 75 76 77 78 80 81 84 88 89 92 93 94 96 17 23 98 99
0 23
0 82
0 68
0 86
0 66
0 80
0 84
0 74
0 94
0 71
0 93
0 76
0 63
0 95
0 70
0 72
0 92
0 96
0 73
0 67
0 79
0 88
0 89
0 85
0 62
0 97
0 83
0 77
0 87
0 78
0 81
0 90
0 61
0 64
0 99
0 69
0 65
0 75
0 91
0 98
1 61
2 44
3 62
5 63
6 64
8 65
9 32
10 66
12 68
15 70
16 71
18 56
18 73
19 74
20 75
21 76
25 77
26 78
29 80
31 81
32 82
34 84
42 88
43 89
46 92
48 93
50 94
52 96
53 17
54 23
57 98
59 99
72 17
90 44