1 3 5 7 9 11 13 15 17 19 21 23 25 27 29 31 33 35 37 39 41 43 45 47 49 51 53 56 57 58 60 62 64 66 68 70 72 74 76 78 80 82 84 86 89 91 93 95 97 2 4 28 30 88 90 92 99 98 96
1 2
3 2
3 4
5 4
7 58
9 58
11 58
13 58
15 58
17 58
19 58
21 58
23 58
25 58
27 28
27 58
29 28
29 30
31 30
33 56
35 56
37 56
39 56
41 56
43 56
45 56
47 56
49 56
51 56
53 56
56 57
57 58
57 60
57 62
57 64
57 66
57 68
57 70
57 72
57 74
57 76
57 78
57 80
57 82
57 84
57 86
57 88
58 4
89 90
89 99
89 88
91 90
91 92
93 92
95 96
97 98
97 96
99 98