0 2 4 6 8 10 12 14 16 18 20 22 24 26 28 30 32 34 36 38 40 42 44 46 48 50 52 54 56 58 60 62 64 66 68 70 72 74 76 78 80 82 84 86 88 90 92 94 96 98 3 9 15 21 27 33 39 45 51 57 63 69 75 81 87 93 99 97 91 85 79 73 67 61 55 49 43 37 31 25 19 13 7 5 11 17 23 29 35 41 47 1 95 89 83 77 71 65 59
0 3
0 97
2 5
2 99
4 1
4 7
6 3
6 9
8 5
8 11
10 7
10 13
12 9
12 15
14 11
14 17
16 13
16 19
18 15
18 21
20 17
20 23
22 19
22 25
24 21
24 27
26 23
26 29
28 25
28 31
30 27
30 33
32 29
32 35
34 31
34 37
36 33
36 39
38 35
38 41
40 37
40 43
42 39
42 45
44 41
44 47
46 43
46 49
48 45
48 51
50 47
52 49
52 55
54 51
54 57
56 59
58 55
58 61
60 57
60 63
62 59
62 65
64 61
64 67
66 63
66 69
68 65
68 71
70 67
70 73
72 69
72 75
74 71
74 77
76 73
76 79
78 75
78 81
80 77
80 83
82 79
82 85
84 81
84 87
86 83
86 89
88 85
88 91
90 87
90 93
92 89
92 95
94 91
94 97
96 93
96 99
98 95
98 1