0 3 4 5 8 10 11 15 16 17 22 24 25 29 33 35 37 38 40 42 45 47 48 50 53 54 55 57 58 61 62 63 64 66 68 69 70 72 74 75 78 79 82 85 89 92 95 96 97 99 21 59 65 80 1 18 56 28 52 41 32 94 7 20 93 27
0 82
0 89
0 92
0 80
3 33
3 92
3 63
3 52
4 21
5 79
5 59
5 53
5 95
8 35
8 21
10 58
11 61
11 80
11 24
11 1
11 41
15 29
16 18
17 40
17 56
17 42
17 50
22 41
22 45
25 18
29 48
29 1
35 28
35 20
35 82
35 70
37 52
38 53
47 32
47 93
54 89
54 65
55 94
57 94
57 80
57 18
58 62
58 65
64 69
64 75
64 7
66 20
68 52
72 93
74 52
78 1
82 96
82 56
85 27
89 27
89 32
89 59
97 32
99 7
59 7