0 2 4 9 11 12 14 15 16 17 20 24 26 30 32 33 34 35 36 37 38 39 43 44 48 49 54 57 60 64 66 68 70 71 72 73 75 77 81 83 84 85 88 96 97 98 69 19 74 76 23 78 22 59 79 80 82 25 86 87 90 92 40 95 99 8 52 28
0 36
0 32
0 87
0 98
0 38
0 92
0 99
0 69
0 95
0 70
0 79
0 77
0 72
0 88
0 90
0 78
0 71
0 34
0 82
0 84
0 97
0 83
0 74
0 75
0 68
0 96
0 73
0 85
0 80
0 86
0 81
0 76
2 69
4 19
9 66
9 74
11 76
12 28
12 23
14 78
15 59
16 60
16 79
17 80
20 82
24 25
26 86
30 44
30 87
33 90
35 92
37 40
38 64
38 25
39 95
43 99
48 8
49 52
54 28
57 52
57 59
57 22
73 8
81 19
84 22
85 23
96 40