0 1 3 4 5 6 8 9 10 11 13 14 15 16 17 18 19 20 22 24 25 30 31 33 38 41 46 47 48 54 55 62 63 65 66 68 69 72 76 80 85 88 89 90 95 96 56 28 27 97 21 73 79 91 82 2 57 92 32 23
0 25
0 27
0 22
0 10
1 28
1 11
3 13
3 9
3 20
3 17
4 38
4 13
5 41
5 24
6 20
8 15
9 54
9 22
10 55
10 56
10 57
10 21
13 66
14 69
14 21
14 23
15 72
16 73
17 76
18 79
19 82
22 91
22 92
22 2
24 97
25 73
25 79
30 73
31 2
33 2
46 28
47 91
47 80
48 57
62 92
62 96
63 92
65 57
68 82
68 91
72 97
85 32
88 21
89 21
90 21
95 23
56 28
27 97
2 32