0 1 2 4 7 10 12 13 14 16 17 18 24 26 27 29 31 33 34 35 37 38 39 40 41 42 43 49 50 51 52 54 57 60 62 63 64 66 67 68 74 75 76 77 79 82 85 87 88 89 91 92 93 99 8 3 5 19 15 25 28 30 44 53 56 55 70 65 81 78 94 80 95
0 1
0 8
1 3
1 2
2 4
2 5
7 8
10 3
10 17
12 3
13 19
13 5
13 16
13 18
14 5
14 15
24 19
26 25
26 28
26 27
26 15
27 31
27 29
27 30
33 25
34 15
35 28
35 42
37 28
38 44
38 30
38 41
38 43
39 30
39 40
40 60
40 53
49 44
50 51
51 53
51 52
52 56
52 55
54 62
57 56
60 67
62 63
62 53
63 66
63 68
64 55
64 65
67 70
74 70
75 76
76 78
76 77
76 65
77 81
77 79
77 80
82 81
85 78
87 78
88 94
88 91
88 93
89 80
92 95
99 65
99 94
99 95