0 1 3 6 7 8 9 10 11 14 15 17 19 21 26 27 28 31 32 36 38 41 45 46 47 48 51 53 55 56 65 67 72 81 83 84 86 87 91 94 95 97 70 71 73 74 76 77 78 79 80 82 89 57 88 90 92 93 61 98 99 60 69 23
0 57
0 55
0 61
0 87
0 76
0 88
0 98
0 79
0 94
0 93
0 74
0 91
0 70
0 77
0 89
0 83
0 97
0 99
0 71
0 90
0 82
0 78
0 73
0 95
0 92
0 84
0 80
0 72
0 86
0 81
1 45
1 70
3 47
3 71
6 73
7 46
7 74
8 55
9 76
10 77
11 67
11 78
14 56
14 79
15 80
17 82
19 27
19 69
21 57
26 65
26 88
27 89
28 90
31 92
32 93
36 61
38 98
41 99
48 60
51 69
53 23
65 60
86 23