0 2 5 7 9 11 14 16 18 20 22 24 26 29 33 35 41 42 47 48 50 53 55 56 59 61 62 65 67 68 70 74 76 79 81 84 86 88 90 92 95 97 99 1 3 4 6 8 13 12 15 17 10 23 25 19 34 30 40 51 27 37 28 38 52 44 54 36 46 58 63 64 57 60 72 73 45 75 69 71 82 83 85 87 80 91 96 98
0 1
0 10
2 1
2 3
5 6
5 4
7 8
7 6
9 8
9 19
11 12
14 13
14 15
14 4
14 25
16 17
16 15
18 17
18 28
20 10
20 30
22 23
24 23
24 15
24 34
26 27
26 25
29 19
33 34
35 36
35 34
35 44
41 51
41 40
41 52
42 51
47 37
47 58
48 38
50 60
50 40
53 63
53 52
55 54
56 46
56 57
59 69
59 58
61 71
61 51
62 72
62 52
65 64
65 75
67 57
68 58
70 80
70 60
74 73
74 85
76 75
79 69
81 71
81 82
84 83
86 87
86 85
88 87
90 80
90 91
92 91
95 96
95 85
97 98
97 96
99 98
3 4
13 12
30 40
27 37
28 38
44 45
44 54
36 46
63 64
72 73
82 83