1 8 10 11 16 17 20 21 23 26 28 29 31 32 33 34 35 37 39 42 43 44 45 47 48 49 51 52 53 56 58 59 63 64 66 67 69 70 71 72 73 74 75 76 79 81 83 85 90 91 95 12 65 4 7 98 9 2 96 55 0 92
1 39
1 2
1 92
1 9
1 69
1 23
1 4
1 85
1 0
1 12
1 37
1 65
1 7
1 55
1 34
1 20
8 69
10 23
11 85
16 12
17 65
20 48
20 63
20 73
21 4
23 75
23 83
26 98
28 34
29 65
31 7
32 65
33 39
35 12
37 49
37 96
39 76
39 81
39 53
39 79
39 67
42 9
43 2
44 9
45 2
47 96
49 95
51 55
52 12
56 59
56 55
58 2
64 9
66 0
69 71
70 2
72 65
74 92
90 7
91 12
7 98