2 5 6 8 12 14 15 17 19 23 25 27 28 30 32 34 38 40 42 44 45 47 49 51 53 57 59 61 63 64 66 68 70 71 74 76 78 81 83 84 87 89 92 93 96 98 3 4 7 9 10 11 13 16 18 20 21 22 24 26 29 31 33 35 36 37 39 41 43 54 52 62 50 60 69 77 48 58 67 75 82 88 46 56 65 73 80 86 91 95
2 3
2 5
2 4
5 9
6 3
6 10
8 4
8 13
12 7
12 18
14 20
14 9
15 21
15 10
17 11
17 24
19 26
19 13
23 16
23 31
25 33
25 18
27 20
27 35
28 21
28 36
30 39
30 22
32 41
32 24
34 26
34 43
38 29
38 48
40 50
40 31
42 52
42 33
44 54
44 35
45 36
47 57
47 37
49 39
49 59
51 61
51 41
53 43
53 63
57 66
59 68
61 70
64 54
66 74
68 76
70 78
71 62
74 81
76 83
81 87
83 89
84 77
87 92
92 96
93 88
98 95
4 7
7 11
11 16
16 22
22 29
29 37
37 46
52 62
50 60
60 69
69 77
48 58
58 67
67 75
75 82
82 88
46 56
56 65
65 73
73 80
80 86
86 91
91 95