1 2 3 5 6 9 10 11 12 13 14 18 19 21 22 23 24 26 27 28 30 31 32 35 37 39 40 41 43 47 48 49 50 52 53 55 56 59 61 64 67 69 70 72 78 80 87 96 98 4 20 8 17 88 15 46 25 7 38 36 60 33 86 66 62
1 4
1 88
1 5
1 21
2 3
2 4
5 6
6 8
6 7
9 20
10 14
11 4
11 13
11 17
12 50
12 8
14 21
14 15
18 17
18 26
18 27
19 55
21 20
21 43
22 55
22 53
23 25
23 15
24 38
24 46
26 40
26 31
27 80
27 32
28 17
28 30
35 36
35 37
35 25
39 25
41 52
41 25
43 46
47 62
47 46
48 4
49 7
52 72
53 33
55 88
55 60
56 66
56 38
59 78
59 36
61 60
64 33
67 96
67 86
69 86
70 66
87 98
96 15
98 62