0 1 2 3 4 5 6 7 8 9 10 11 12 13 14 15 16 17 18 19 20 21 22 23 24 25 26 27 28 29 30 31 32 33 34 36 38 40 42 44 46 48 50 52 54 56 58 60 62 64 66 68 70 72 74 76 78 80 82 84 86 88 90 92 94 96 98
0 34
1 36
1 34
2 38
2 36
3 40
3 38
4 42
4 40
5 44
5 42
6 46
6 44
7 48
7 46
8 50
8 48
9 52
9 50
10 54
10 52
11 56
11 54
12 58
12 56
13 60
13 58
14 62
14 60
15 64
15 62
16 66
16 64
17 68
17 66
18 70
18 68
19 72
19 70
20 74
20 72
21 76
21 74
22 78
22 76
23 80
23 78
24 82
24 80
25 84
25 82
26 86
26 84
27 88
27 86
28 90
28 88
29 92
29 90
30 94
30 92
31 96
31 94
32 98
32 96
33 98