0 1 2 3 11 12 15 18 22 26 28 29 30 32 36 39 43 44 47 50 51 52 53 56 57 59 61 65 69 72 77 84 87 91 92 93 94 95 96 76 24 45 25 33 63 70 68 75 83 23 60 38 58 9 5 7 85 66 46
0 7
0 33
0 76
0 22
0 59
0 39
0 45
1 66
1 76
2 24
3 45
11 25
12 36
12 33
12 26
15 63
18 24
18 75
18 22
22 63
22 70
28 61
29 70
30 58
30 94
30 33
32 68
39 50
39 9
39 61
39 47
43 75
44 83
47 23
47 46
50 96
50 25
51 60
52 38
53 58
56 70
56 85
56 72
57 9
59 68
61 38
65 5
69 58
77 25
84 45
87 60
87 23
91 66
92 9
93 38
94 83
95 46
45 5