0 2 4 6 8 10 12 14 16 18 20 22 25 27 29 31 33 35 37 39 40 42 44 46 47 48 49 50 51 52 56 57 58 59 61 64 66 70 72 74 77 79 84 92 95 1 3 5 7 9 11 13 15 17 19 91 83 38 36 34 32 30 28 26 24 23 90 45 43 60 62 63 65 69 80 78 76 73 88 81 82 93
0 45
0 1
0 91
0 59
2 1
2 3
4 3
4 5
6 5
6 7
8 7
8 9
10 9
10 11
12 11
12 13
14 13
14 15
16 15
16 17
18 17
18 19
20 19
22 23
25 26
25 24
27 28
27 26
29 30
29 28
31 32
31 30
33 34
33 32
35 36
35 60
35 34
37 36
37 38
39 38
39 83
40 90
42 43
44 45
44 43
46 59
47 59
48 59
49 59
50 59
51 59
52 59
56 59
57 59
57 88
58 59
61 60
61 62
61 80
64 63
64 65
64 69
66 65
70 69
70 81
72 76
72 73
74 73
77 76
77 78
79 80
79 78
84 88
92 82
92 93
95 93
91 90
91 83
24 23
62 63
81 82