0 1 2 5 9 10 13 15 18 20 21 25 26 29 30 31 33 35 39 41 44 45 46 49 50 53 56 60 66 67 69 70 73 74 77 79 83 84 88 90 92 95 96 65 27 68 71 75 76 78 80 19 81 82 85 86 87 89 91 93 94 97 98 99 11 6 4
0 10
0 90
0 81
0 74
0 82
0 65
0 94
0 69
0 83
0 76
0 87
0 86
0 71
0 77
0 91
0 93
0 68
0 75
0 66
0 98
0 70
0 79
0 97
0 96
0 89
0 80
0 88
0 85
0 84
0 67
0 92
0 78
0 73
0 99
0 95
1 65
2 27
5 68
9 60
9 71
13 75
15 76
18 78
20 80
21 19
25 81
26 82
29 85
30 86
31 87
33 50
33 89
35 91
39 93
41 94
44 97
45 98
46 99
49 11
53 6
56 4
67 4
69 6
73 11
79 19
83 27