1 2 4 6 7 10 12 13 15 17 18 19 21 25 27 32 34 35 38 42 44 45 46 49 52 55 58 63 65 66 70 72 73 74 77 81 82 85 86 88 89 90 94 97 0 3 11 33 39 36 41 51 50 59 61 67 76 79 91 99
1 0
1 3
2 0
4 12
4 13
4 3
6 10
6 7
10 11
10 3
12 18
13 21
13 17
15 25
15 27
15 11
18 19
18 32
19 33
34 39
34 33
34 36
35 41
35 33
38 39
42 36
44 41
44 45
45 46
45 51
49 50
49 51
52 55
52 50
52 61
55 59
58 59
63 61
65 66
65 67
65 59
70 76
72 73
73 77
73 67
74 76
77 88
77 79
81 76
82 79
85 88
86 88
86 91
88 89
88 76
89 99
90 91
90 94
97 99