2 6 8 10 11 13 14 15 16 18 19 20 21 24 25 26 27 29 30 32 33 35 36 39 40 41 43 46 47 49 50 51 53 55 57 58 59 60 61 62 64 65 66 68 69 71 72 74 77 79 82 83 84 85 86 87 89 90 92 93 94 97 98 0 4 1 5 3
2 29
2 16
2 0
2 11
2 41
2 60
2 64
2 65
2 8
2 53
2 69
2 4
2 89
2 10
2 36
2 72
2 13
2 59
2 15
2 6
2 18
2 77
2 94
2 25
2 92
2 87
2 85
2 20
2 39
2 5
2 66
2 86
2 83
2 90
2 93
2 55
2 35
2 58
2 62
2 68
2 3
2 47
2 1
2 32
2 79
2 49
2 74
2 51
2 57
14 0
16 98
19 0
21 0
24 0
26 4
27 1
30 5
33 0
40 1
43 0
46 3
50 0
61 0
71 1
82 1
84 0
97 3