2 4 5 7 8 13 16 18 20 22 24 27 29 31 33 34 36 40 42 48 50 53 56 57 59 60 61 64 66 70 71 74 75 76 77 78 81 83 84 85 86 88 89 90 91 92 95 96 98 99 62 1 79 44 3 17 94 65 51 19 80 68 32 52 69 49 97 43 37 21 73 35 39 46 11 93 14 45 28 0 30 10 55 67 82 38 63 12 9 23 58 26 87 25 41 6 54 15
2 62
2 35
4 64
5 9
5 23
7 80
7 68
8 32
8 68
13 44
13 3
16 79
16 44
18 6
18 54
20 28
20 45
22 87
22 25
24 35
24 39
27 10
27 55
29 17
29 3
31 87
31 26
33 30
33 0
34 1
34 62
36 63
36 12
40 45
40 14
42 10
42 30
48 39
48 46
50 58
50 23
53 9
53 12
56 82
56 67
57 63
57 38
59 1
59 79
60 69
60 52
61 14
61 93
64 73
66 11
66 93
70 43
70 97
71 6
71 41
74 54
74 15
75 0
75 28
76 58
76 26
77 17
77 94
78 15
81 73
81 21
83 19
83 51
84 65
84 94
85 46
85 11
86 55
86 67
88 65
88 51
89 82
89 38
90 49
90 69
91 97
91 49
92 32
92 52
95 41
95 25
96 21
96 37
98 19
98 80
99 37
99 43