0 1 7 8 9 12 14 18 20 22 25 29 32 33 36 38 39 42 44 46 49 50 54 57 58 62 64 68 70 72 75 78 79 82 84 85 87 88 92 94 96 5 4 10 15 2 19 21 28 37 40 47 45 66 65 55 63 69 71 83 86 98 97
0 1
0 2
0 4
0 5
1 98
7 5
7 15
7 39
8 5
9 10
9 4
12 10
14 15
18 2
18 19
18 21
20 19
20 63
22 21
25 10
25 28
25 29
29 32
33 28
36 37
38 47
38 37
38 39
39 40
42 40
44 45
44 19
46 47
49 45
50 54
50 55
57 55
57 58
57 65
62 63
64 65
68 66
68 2
68 69
68 71
70 69
72 71
75 79
78 83
79 82
79 71
84 83
84 86
84 92
84 69
85 83
87 86
88 97
94 69
96 98
96 97
66 65