1 4 6 7 8 10 11 13 14 15 16 17 19 21 22 28 29 32 34 35 36 38 39 42 43 48 51 53 54 56 58 60 61 64 67 69 70 72 76 78 82 85 86 87 88 90 91 95 96 12 25 93 3 98 71 83 20 46 18 23 73 47
1 82
1 93
1 96
1 86
1 56
1 4
1 35
1 11
4 12
4 43
4 83
6 13
7 25
8 90
8 96
10 29
11 95
11 61
11 28
11 15
11 23
11 60
11 46
13 12
14 12
16 39
16 86
17 34
19 3
21 98
22 61
28 36
29 56
32 71
34 85
34 93
35 71
35 73
38 12
39 51
42 83
48 20
53 96
54 46
58 18
64 23
67 12
69 83
70 23
72 20
76 73
78 47
82 25
86 98
86 47
87 93
88 3
91 23
96 3
96 20
96 18