0 6 7 8 10 12 14 15 17 19 21 23 24 28 31 33 35 36 37 41 42 44 48 50 51 54 55 58 59 60 61 63 64 65 67 70 71 72 74 77 80 83 85 86 87 88 91 94 95 97 39 81 3 43 75 32 53 13 47 9 82 27 68 89 30 34 29
0 32
0 74
0 33
0 80
6 39
7 19
8 3
10 58
10 61
10 12
12 51
14 42
14 71
15 50
17 41
19 81
19 89
21 41
21 88
23 87
24 41
28 3
31 53
33 42
33 67
33 81
33 43
35 13
36 47
36 29
37 9
42 39
42 59
42 72
44 82
48 13
50 47
50 34
50 75
50 53
50 30
54 82
55 9
58 3
58 80
59 63
60 43
64 81
65 27
67 13
70 68
74 75
77 89
80 94
80 82
83 30
85 34
86 94
87 75
87 68
88 9
88 32
91 29
94 27
95 13
97 3