0 2 4 6 8 10 12 14 16 18 20 22 24 26 28 31 33 35 37 39 41 43 45 47 49 51 53 55 57 60 62 64 67 69 72 74 76 78 80 82 84 86 88 90 92 94 96 98 1 3 7 9 11 13 15 32 34 19 21 30 29 27 25 40 38 42 89 46 50 52 54 59 58 63 5 68 73 77 79 83 87 93 95 99
0 1
0 8
2 1
4 5
4 3
4 88
6 64
6 7
8 9
8 7
10 92
10 11
10 9
10 40
12 11
12 13
14 15
14 13
16 15
18 19
20 21
20 60
20 19
22 21
24 25
26 25
26 27
28 29
28 27
31 1
31 32
31 30
33 34
33 32
33 72
35 34
37 38
39 38
39 40
41 40
41 42
43 42
45 90
45 46
47 46
49 50
51 42
51 52
51 50
53 52
53 54
55 54
57 58
60 34
60 59
62 63
64 63
67 68
67 77
67 5
69 68
72 73
72 99
74 73
76 77
78 77
78 79
80 79
82 83
84 83
84 32
86 87
88 87
88 89
90 50
90 89
92 93
94 93
94 95
96 95
98 99
30 29
59 58