1 2 3 6 7 8 9 11 13 14 16 17 19 20 22 24 25 28 31 32 33 35 39 42 43 44 45 46 52 53 55 57 58 60 63 64 65 66 71 77 83 85 88 90 91 92 93 94 4 5 0 38 12 29 10 62 26 86 79 36 27 87 23 34 51 80 54 84 61 89 78 74 15 75
1 62
1 5
1 4
1 80
1 29
1 0
1 79
2 12
2 4
2 3
2 94
6 74
6 93
6 5
7 38
8 12
9 28
9 54
9 5
9 88
9 15
11 39
11 10
11 52
13 44
14 55
14 87
16 17
16 78
17 24
19 86
19 61
20 35
22 27
24 26
25 87
28 42
31 10
31 57
31 29
32 23
33 34
35 34
35 36
43 51
44 4
45 79
46 80
53 54
55 62
57 27
58 84
60 61
63 89
64 79
64 36
65 78
66 90
66 23
71 74
77 75
83 84
83 36
85 15
85 75
90 0
90 38
91 29
91 26
91 89
92 94
92 51
93 86