0 1 2 3 4 5 6 7 8 9 10 12 13 14 15 17 18 19 20 21 22 23 24 25 27 28 29 32 38 40 53 55 56 63 64 65 72 73 84 88 99 74 75 76 78 79 81 82 83 85 50 86 44 89 90 96 54 91 92 93 94 95 97 98
0 44
0 92
0 74
0 4
0 89
0 98
0 86
0 7
0 94
0 84
0 79
0 82
0 81
0 91
0 90
0 99
0 88
0 76
0 83
0 75
0 78
0 85
0 93
0 95
0 96
0 97
1 74
2 75
3 63
3 50
3 76
5 38
5 78
6 79
8 81
9 82
10 83
12 85
13 40
14 73
14 86
15 44
15 64
17 32
17 89
18 90
19 54
20 91
21 65
21 92
22 72
22 38
23 93
24 55
24 94
25 95
27 54
27 96
28 56
28 97
29 98
40 50
53 44