0 1 2 3 4 5 6 7 9 10 11 12 14 15 16 17 19 20 21 23 25 27 28 35 36 44 45 46 49 51 54 56 58 59 60 61 62 64 68 73 74 75 78 79 80 81 82 83 86 89 90 91 92 47 50 31 29 52 84 53 18 26 85 88 63 67 66 77 87 72 69
0 31
0 49
0 84
0 5
0 47
0 29
1 15
1 80
2 74
2 50
3 10
4 52
5 18
5 67
5 83
6 53
7 58
9 10
10 31
11 47
12 26
14 85
15 47
16 54
17 88
19 21
20 46
20 27
21 31
21 44
21 66
21 26
23 54
25 63
25 53
25 84
28 63
35 91
35 67
36 31
45 89
46 49
46 79
49 50
51 56
54 68
54 47
56 72
56 84
58 18
59 66
60 77
61 77
61 29
62 87
64 72
73 52
73 29
73 81
75 69
78 82
82 84
82 85
82 69
83 86
83 90
83 88
83 87
89 50
92 29