0 1 3 4 5 6 7 8 10 12 13 14 15 16 18 19 20 21 22 23 24 30 31 32 33 38 39 45 46 50 52 53 54 55 58 59 60 62 67 74 76 77 78 85 89 71 36 25 70 26 28 2 81 93 94 44 72 34 11 27 29
0 27
0 25
0 26
0 15
0 1
1 28
1 29
1 30
3 36
4 38
4 39
5 21
6 45
6 8
7 46
10 55
10 20
12 62
13 2
14 67
14 21
14 15
15 70
15 72
15 71
15 22
16 22
16 19
16 11
18 81
21 24
22 93
23 94
30 81
31 2
32 2
32 28
33 2
39 44
39 71
45 62
46 78
46 70
50 44
52 34
53 58
54 81
55 26
55 58
59 36
60 11
62 25
74 27
74 77
76 70
85 29
89 34
89 72
71 36
93 94