1 2 5 6 8 12 14 15 17 19 20 21 22 23 26 28 31 32 33 35 36 41 42 44 46 48 50 52 53 55 56 61 63 65 69 70 72 76 81 83 86 88 91 94 97 99 60 64 57 11 4 47 73 45 49 82 62 75 29 93 66 68 43 37 74 90 77 78
1 2
1 60
1 4
2 93
5 55
5 8
5 6
12 11
14 11
15 17
17 19
19 48
20 23
21 82
22 23
23 73
26 29
26 75
28 29
31 32
32 33
33 49
33 81
35 68
36 37
41 42
42 75
42 62
42 43
44 74
46 47
48 47
48 4
48 45
50 52
52 53
53 11
55 57
56 90
61 60
61 62
63 60
63 64
63 11
65 68
65 66
65 78
69 66
70 47
70 72
72 73
76 77
76 75
81 83
81 82
86 77
86 88
91 66
91 90
91 93
94 93
97 99
97 78
64 57
45 49
62 74
43 37