0 3 5 6 9 10 12 15 17 18 20 23 24 27 29 30 33 34 36 39 40 43 45 46 48 51 53 54 57 58 60 63 65 66 68 71 72 75 77 78 80 83 85 86 89 90 92 95 96 99 1 2 4 7 8 11 13 14 16 19 21 22 25 26 28 31 32 35
0 1
0 16
0 4
0 32
0 2
0 8
3 7
3 19
3 11
3 1
3 35
5 13
5 21
5 1
6 2
6 22
6 14
9 1
9 25
10 26
10 2
12 4
12 28
15 7
15 31
17 1
18 2
20 4
23 7
24 8
27 11
29 13
30 14
33 1
34 2
36 4
39 7
40 8
43 11
45 13
46 14
48 16
51 19
53 21
54 22
57 25
58 26
60 28
63 31
65 1
66 2
68 4
71 7
72 8
75 11
77 13
78 14
80 16
83 19
85 21
86 22
89 25
90 26
92 28
95 31
96 32
99 35