2 4 5 7 9 11 12 14 15 18 21 24 26 28 30 31 33 35 36 38 40 42 45 47 49 51 53 56 60 63 64 66 70 73 75 77 81 85 89 90 93 3 1 92 65 82 88 23 44 67 71 16 17 74 0 72 8 62 39 41 46 87 94 54 86
2 88
2 65
2 93
2 3
2 1
4 3
5 74
5 1
7 36
7 92
7 8
9 81
11 44
11 23
11 12
14 67
15 71
15 39
18 17
21 33
21 74
24 51
26 0
28 31
30 8
31 72
35 62
38 39
40 41
42 70
45 65
45 49
45 16
45 44
45 46
47 46
51 60
51 3
53 16
56 87
63 64
63 62
64 82
64 65
66 41
66 65
66 67
70 71
73 46
75 54
77 89
81 82
85 86
89 23
89 90
93 71
93 92
93 94
1 0
88 87
71 72
16 17
87 86
94 54