0 3 6 9 12 15 18 21 24 27 30 33 36 39 42 45 48 51 54 57 60 63 66 69 72 75 78 81 84 87 90 93 96 99 1 4 7 10 13 16 19 22 25 28 31 34 37 40 43 46 49 52 55 58 61 64 67 70 73 76 79 82 85 88 91 94 97
0 1
3 1
3 4
6 4
6 7
9 7
9 10
12 10
12 13
15 16
15 13
18 16
18 19
21 19
21 22
24 25
24 22
27 25
27 28
30 28
30 31
33 31
33 34
36 34
36 37
39 37
39 40
42 40
42 43
45 43
45 46
48 49
48 46
51 52
51 49
54 52
54 55
57 55
57 58
60 58
60 61
63 61
63 64
66 64
66 67
69 70
69 67
72 70
72 73
75 73
75 76
78 76
78 79
81 79
81 82
84 82
84 85
87 88
87 85
90 88
90 91
93 91
93 94
96 97
96 94
99 97