0 1 2 3 4 5 6 7 8 9 10 13 14 15 16 17 18 19 21 22 24 26 28 30 35 39 43 44 45 48 59 60 61 62 70 81 83 84 85 87 94 96 25 31 37 42 47 54 67 78 90 63 11 64 74 97 20 82 27 86
0 26
0 27
0 25
0 19
0 24
1 30
1 28
1 24
1 8
1 20
2 31
3 35
4 37
4 13
4 10
5 42
6 7
7 47
7 48
8 21
9 54
10 15
14 67
16 74
16 18
17 78
17 19
18 81
18 19
18 22
19 83
19 82
19 84
24 97
26 42
26 37
35 31
35 47
35 25
39 37
43 90
44 31
45 63
59 11
60 83
60 11
61 64
62 25
70 74
83 64
84 67
84 63
85 97
87 20
94 82
96 86
25 54
78 90
27 86