0 1 3 5 7 8 9 11 13 14 15 16 17 18 20 21 22 23 24 27 28 29 31 32 33 36 37 38 39 41 42 43 44 45 48 55 57 61 62 63 82 83 90 26 95 25 53 85 52 75 93 59 2 60 79 54 84 71 12 70 72 30 51
0 26
0 27
0 25
0 15
0 9
1 28
3 36
3 23
5 41
5 42
5 21
7 20
8 51
8 18
8 14
8 15
9 52
9 54
9 53
9 11
11 60
11 59
13 23
14 2
15 70
15 71
15 72
16 75
16 24
17 21
18 79
18 12
20 85
22 93
23 95
27 95
27 93
28 26
29 59
31 2
32 52
32 33
37 60
38 79
39 85
42 25
43 93
44 95
45 85
48 84
55 82
57 71
61 75
62 12
63 70
82 84
82 54
83 30
90 51
53 85
52 75
72 30