0 1 2 3 5 6 7 8 10 11 12 13 14 16 17 18 21 23 24 25 28 29 33 34 36 37 39 41 44 46 48 51 52 53 54 55 57 58 60 62 63 65 69 71 75 79 81 82 83 87 88 92 93 97 98 4 26 32 9 15 47 22 49 85 38 67 96 70 35 74 86
0 9
0 67
0 26
0 5
0 14
0 7
0 15
0 4
0 2
1 16
1 4
1 38
2 3
2 6
2 13
2 47
5 12
6 18
7 32
7 96
7 24
7 10
8 35
8 34
8 4
10 92
11 14
12 33
13 21
14 22
16 53
17 4
23 24
24 85
24 86
24 44
25 37
25 26
28 49
28 74
28 26
29 32
36 9
39 15
39 63
41 47
41 82
46 22
48 49
51 85
52 32
54 63
55 62
57 58
57 67
58 83
60 98
62 38
63 65
69 93
71 35
75 74
79 22
81 47
87 86
88 85
92 70
93 70
97 98
98 96