1 2 4 6 8 9 11 14 17 18 20 22 24 25 28 30 32 34 36 38 40 43 45 46 48 50 52 53 55 57 58 60 63 65 68 69 70 72 74 76 78 80 81 84 86 88 90 93 94 97 99 3 33 37 79 7 26 27 83 0 19 23 29 49 54 16 82 64 87 73 75 89 98
1 2
1 25
1 0
1 37
2 19
2 89
2 3
4 68
4 3
6 45
8 7
9 27
11 83
14 94
17 18
17 16
17 0
20 70
20 19
22 23
24 87
24 82
24 40
24 25
24 23
25 33
25 26
25 84
25 74
28 27
30 29
32 33
34 37
36 72
36 37
38 79
38 37
38 98
38 46
43 26
45 33
46 64
48 49
50 49
52 26
52 53
55 54
57 16
58 82
60 49
63 64
65 87
69 73
72 29
74 75
74 73
74 54
74 94
76 75
78 79
80 79
81 82
84 83
84 49
84 93
86 87
88 89
90 89
97 98
99 98
79 7
26 27