0 4 8 12 16 20 24 28 32 36 40 44 48 52 56 60 64 68 72 76 80 84 88 92 96 93 90 87 81 78 75 69 66 1 2 5 6 9 7 10 13 11 14 17 15 18 21 19 22 25 23 26 29 27 30 33 31 34 37 35 38 41 39 42 45 63 57 54
0 2
0 96
0 1
4 1
4 7
4 6
8 11
8 5
12 9
12 15
16 19
16 13
20 23
20 17
24 21
24 27
28 25
28 31
32 29
32 35
36 33
36 39
40 37
44 41
48 45
52 54
56 57
60 57
60 63
64 66
68 69
72 75
72 69
76 78
80 81
84 87
84 81
88 90
92 93
96 93
93 90
90 87
81 78
78 75
69 66
66 63
2 5
6 9
7 10
10 13
11 14
14 17
15 18
18 21
19 22
22 25
23 26
26 29
27 30
30 33
31 34
34 37
35 38
38 41
39 42
42 45
57 54