0 4 5 6 7 8 11 12 13 14 15 17 18 22 23 24 25 26 27 28 29 31 32 34 36 37 38 41 42 46 47 49 52 54 56 57 58 60 61 66 67 68 69 73 74 77 80 82 87 90 91 92 93 95 98 2 9 20 21 19 33 30 39 53 63 64 72 62 76 55 84 83 86 44 96 94
0 7
0 6
4 9
4 11
4 5
6 12
7 2
8 2
8 9
8 14
11 49
12 13
12 19
12 18
13 26
13 20
15 21
15 20
17 22
22 23
22 29
22 21
24 30
24 25
24 19
26 33
26 31
26 32
27 33
27 28
28 34
32 38
32 39
36 37
36 42
36 30
38 44
41 52
41 46
46 47
46 39
49 54
49 53
52 55
54 58
56 53
56 63
57 53
60 61
60 63
60 64
61 62
61 66
67 64
67 72
68 64
68 69
73 72
73 76
74 98
77 76
80 83
82 86
87 84
87 55
90 86
91 92
91 96
93 94
95 44
95 96
98 62
98 94
98 86
84 83