0 1 2 3 4 5 6 7 9 11 12 13 14 17 18 20 24 25 26 28 29 30 34 39 44 45 47 48 49 54 61 67 71 72 76 80 82 83 84 86 87 88 91 94 95 96 55 56 57 58 59 60 40 63 64 65 66 68 69 70 73 74 75 77 79 81 85 89 90 92 93
0 29
0 85
0 77
0 55
0 88
0 59
0 58
0 66
0 64
0 69
0 86
0 81
0 80
0 96
0 56
0 65
0 57
0 61
0 75
0 92
0 63
0 89
0 74
0 91
0 68
0 90
0 73
0 87
0 72
0 71
0 83
0 82
0 79
0 70
0 67
0 95
0 60
0 94
0 93
0 76
0 84
1 55
2 56
3 57
4 58
5 59
6 60
7 48
7 40
9 29
11 63
12 54
12 64
13 65
14 66
17 68
18 69
20 70
24 73
25 74
26 75
28 77
30 79
34 81
39 85
44 89
45 90
47 92
49 93
86 40