1 3 5 7 9 11 13 15 17 19 21 23 25 27 29 31 33 35 37 39 41 43 45 47 50 52 54 56 58 60 62 64 66 68 70 72 74 76 78 80 82 84 86 88 90 92 94 96 98 2 4 6 8 10 12 14 16 18 20 22 24 26 28 30 32 34 36 38 40 42 44 46 48 49 51 53 55 57 59 61 63 65 67 69 71 73 99 97 95 93 91 89 87 85 83 81 79 77
1 2
3 2
3 4
5 6
5 4
7 8
7 6
9 8
9 10
11 10
11 12
13 12
13 14
15 14
15 16
17 18
17 16
19 18
19 20
21 20
21 22
23 22
23 24
25 24
25 26
27 28
27 26
29 28
29 30
31 30
31 32
33 34
33 32
35 36
35 34
37 36
37 38
39 38
39 40
41 40
41 42
43 44
43 42
45 44
45 46
47 46
47 48
50 99
50 51
50 49
52 51
52 53
54 55
54 53
56 55
56 57
58 57
58 59
60 59
60 61
62 61
62 63
64 63
64 65
66 65
66 67
68 69
68 67
70 69
70 71
72 71
72 73
74 73
76 77
78 77
78 79
80 81
80 79
82 83
82 81
84 83
84 85
86 85
86 87
88 89
88 87
90 91
90 89
92 91
92 93
94 95
94 93
96 95
96 97
98 97
98 99
48 49