0 1 2 5 6 7 8 10 12 13 14 15 16 17 19 20 21 23 24 26 29 34 36 37 39 43 49 51 52 53 55 58 59 60 62 79 80 81 91 92 67 30 25 31 27 9 4 22 44 73 83 90 96 72 48 45 85 11 69 18 82
0 25
0 26
0 27
0 23
0 19
0 14
1 29
1 30
2 31
5 17
5 20
6 45
6 43
6 19
6 15
6 12
7 9
8 49
8 12
10 4
10 24
13 22
14 69
14 67
14 11
16 73
19 82
19 83
20 85
20 23
21 90
23 96
26 44
34 48
36 45
37 4
39 25
39 4
39 31
51 96
52 9
52 27
53 9
55 85
58 11
59 11
60 11
62 27
79 18
79 69
80 18
81 85
91 22
91 25
92 82
67 30
44 73
83 90
96 72
72 48