1 2 3 4 5 6 12 13 14 16 22 26 27 28 39 43 44 46 47 48 50 52 54 55 57 59 65 68 69 71 73 74 75 77 78 79 80 81 82 84 85 86 88 90 91 92 95 99 24 34 18 53 66 10 19 56 62 11 29 32 33 87 17 36 25 30
1 66
1 54
1 24
1 34
1 10
1 84
2 90
2 65
3 18
4 69
5 84
5 75
6 66
6 73
6 74
12 30
12 10
13 19
14 56
16 85
16 10
22 48
26 66
27 62
28 11
39 29
43 53
44 32
46 33
47 62
48 10
50 78
50 66
52 87
54 36
54 56
55 66
55 80
57 77
59 53
65 17
65 24
68 95
69 53
71 34
71 18
71 29
77 32
77 34
79 17
81 36
82 25
82 84
84 87
84 86
84 53
84 11
88 95
88 33
88 34
91 25
92 10
92 19
99 30
24 62