3 4 5 7 8 9 10 11 15 17 19 20 21 25 27 28 29 31 32 37 39 42 44 45 46 47 50 51 52 53 54 58 62 63 64 65 66 67 68 70 72 73 76 78 81 82 84 87 89 90 92 94 95 97 99 98 23 85 2 0 69 26 43 6 34
3 8
3 68
3 73
3 26
3 25
3 62
3 85
4 68
5 98
7 23
8 0
8 92
8 98
8 10
8 46
9 85
11 62
15 47
17 92
19 68
19 82
19 29
20 31
21 68
21 44
25 81
25 53
25 58
25 34
25 51
25 76
25 90
27 2
28 85
31 67
31 63
31 68
32 2
37 47
39 62
42 47
45 0
47 68
50 0
52 84
52 85
54 69
62 65
64 66
64 85
68 43
68 69
70 85
72 26
73 23
73 6
78 26
87 43
89 6
92 2
94 6
95 34
97 23
99 43