0 1 4 8 10 14 16 17 19 23 24 26 27 29 35 36 38 39 40 41 42 44 46 47 49 50 52 55 57 58 60 64 66 68 69 74 77 78 79 80 81 82 86 87 89 70 2 71 85 11 54 9 20 37 31 48 90 83 22 13 95 45 67 75 96 21 92
0 70
0 58
0 54
1 87
1 40
4 40
8 85
10 11
14 9
16 36
17 71
17 64
19 81
23 9
23 54
23 29
24 90
26 74
27 83
27 21
29 42
35 37
36 20
36 37
36 90
38 95
39 37
39 31
40 47
41 45
42 45
44 67
46 87
46 71
46 86
49 67
49 70
50 55
52 83
52 20
55 31
55 48
57 13
57 95
58 11
58 92
58 20
60 75
64 22
64 77
64 2
66 96
68 70
68 2
69 21
74 11
77 85
77 89
78 75
78 22
78 13
79 9
80 92
81 48
82 96
82 22