1 2 6 7 8 9 11 12 15 16 17 18 20 21 22 23 29 30 34 37 46 49 52 54 55 58 63 65 67 68 69 70 71 72 73 75 78 79 82 84 85 86 90 91 92 93 94 97 99 38 66 60 27 41 59 48 56 80 53 89 44 40 19 31 95 39 4
1 65
1 18
1 19
2 66
6 27
6 93
7 41
7 79
8 58
8 18
8 30
8 56
9 59
11 60
11 48
11 31
11 59
12 48
15 67
16 80
17 53
17 71
18 34
18 60
20 66
20 46
21 89
22 75
23 65
29 44
34 99
34 38
34 78
37 39
37 40
46 94
46 38
49 91
52 19
54 73
54 59
55 31
58 89
58 69
63 95
65 40
67 4
67 56
68 80
70 91
72 97
72 27
75 91
78 80
78 53
82 41
82 44
82 38
84 60
84 86
84 27
85 95
85 56
90 39
91 60
92 4