0 2 3 7 8 9 11 13 15 18 19 20 21 24 27 28 35 36 37 38 40 42 43 44 45 47 48 49 54 56 58 60 65 66 67 69 70 74 75 76 77 80 81 87 88 89 90 93 16 17 1 33 10 14 5 32 34 30 25 57 61 71 64 97 82 84 72 78
0 1
0 7
2 9
3 1
3 5
3 14
7 8
8 32
9 17
11 33
13 10
13 18
15 10
15 21
18 25
19 24
20 27
20 5
21 17
21 28
21 16
24 14
27 61
28 57
35 38
35 34
35 32
36 40
37 16
37 33
38 43
38 48
40 42
40 45
40 34
43 16
43 30
44 30
47 48
47 82
48 49
54 25
56 57
58 30
58 74
60 61
60 69
60 64
65 67
66 64
66 89
67 71
69 90
70 97
74 71
75 84
76 77
76 72
77 93
80 30
80 72
80 78
81 82
81 84
87 78
88 64
90 97