1 2 6 7 8 9 11 12 13 14 17 18 19 21 23 24 25 26 30 31 33 35 38 40 41 48 52 55 57 62 64 65 67 71 72 74 75 79 80 82 83 84 86 87 88 89 90 91 92 95 96 98 34 54 4 56 28 42 63 47 53 20
1 41
1 91
1 55
1 20
2 98
6 42
6 41
7 54
8 89
9 72
9 41
11 74
11 41
12 4
13 40
13 91
14 41
17 38
18 47
18 38
18 62
19 89
21 88
23 91
23 79
23 82
24 56
25 38
26 87
30 28
31 42
33 71
35 63
38 34
38 65
38 41
38 54
38 96
41 28
41 95
48 88
52 90
55 87
57 87
64 88
67 89
71 80
75 53
80 56
80 88
80 47
83 95
84 63
86 88
89 34
90 34
91 98
91 4
91 53
92 20
34 63