0 1 2 3 4 5 8 9 10 11 13 16 19 21 23 29 30 31 32 37 40 43 44 53 54 57 58 66 67 69 71 72 78 79 85 86 88 89 91 93 95 96 97 74 75 76 77 7 80 81 82 83 84 87 90 92 94 98 17 61 34 45 6
0 57
0 97
0 89
0 75
0 85
0 74
0 87
0 94
0 82
0 81
0 88
0 76
0 95
0 84
0 90
0 92
0 79
0 91
0 93
0 98
0 96
0 77
0 78
0 86
0 83
0 80
1 74
2 58
2 75
3 76
4 61
4 45
4 77
5 72
8 66
8 80
9 81
10 82
11 43
11 83
13 34
13 84
13 32
16 37
16 87
19 90
21 92
23 94
29 69
29 98
30 37
31 57
40 17
44 61
53 67
54 45
67 34
71 6
72 7
78 6
79 7
88 17