0 1 2 4 5 7 8 9 13 14 15 16 17 18 19 20 22 23 24 27 29 31 34 35 36 42 43 44 45 51 53 54 55 56 57 58 59 60 61 62 63 69 85 88 96 26 30 3 94 39 12 75 82 95 10 91 25 78 93 77 92 70 64 46
0 25
0 26
0 27
0 23
1 29
1 30
2 9
4 39
5 42
5 17
7 46
7 3
8 24
8 12
9 54
9 53
9 3
13 14
14 69
14 22
14 15
16 75
17 77
17 23
18 23
19 82
20 10
22 91
22 93
22 92
22 23
23 96
23 95
23 94
23 3
31 91
34 3
35 3
35 43
36 3
44 78
45 93
51 77
54 64
55 95
55 10
56 92
57 10
58 70
59 70
60 92
61 12
61 75
61 30
61 26
62 39
62 94
63 95
69 82
85 64
88 46
95 70
25 78