0 1 5 6 7 9 12 14 17 21 24 25 29 30 31 32 33 34 35 37 38 42 44 47 48 54 56 59 61 62 63 69 70 71 74 78 79 81 83 85 86 88 89 92 93 95 96 98 99 26 87 10 43 18 13 45 2 73 4 57 46 84 8 66 76
0 85
0 14
0 4
0 25
0 10
1 26
5 71
5 87
6 48
6 10
6 2
7 24
7 43
9 31
12 13
14 44
14 87
14 18
14 45
14 66
17 85
21 44
25 57
25 56
25 79
25 73
29 45
30 56
31 44
32 2
33 73
34 4
34 69
35 57
37 73
38 18
42 18
44 98
47 4
54 57
56 84
59 10
59 86
61 2
62 92
62 10
63 46
70 84
74 57
78 45
79 8
81 26
83 26
85 46
85 76
85 26
85 43
88 8
89 46
93 87
95 18
96 66
99 76
18 13