0 1 2 3 4 5 6 7 8 9 10 12 16 17 18 19 20 24 25 26 28 30 36 42 43 45 56 58 59 64 73 75 76 77 83 86 88 90 91 92 94 95 96 97 99 65 66 61 68 69 70 27 71 89 21 63 74 78 79 80 81 82 11 87 93 98 48 41 15
0 61
0 66
0 74
0 63
0 76
0 97
0 81
0 99
0 98
0 91
0 92
0 88
0 86
0 77
0 69
0 89
0 65
0 96
0 79
0 75
0 68
0 71
0 95
0 70
0 80
0 82
0 87
0 73
0 93
0 94
0 78
0 90
0 83
1 65
2 66
3 61
4 68
5 69
6 70
7 27
8 71
9 21
10 63
12 74
16 78
17 79
18 80
19 81
20 82
24 11
25 59
25 63
26 45
26 61
28 87
30 21
30 89
36 93
42 98
43 58
43 48
45 48
56 41
64 15
73 11
77 15
86 27
97 41