1 4 6 8 10 12 14 16 18 20 22 24 26 28 31 34 36 38 40 42 45 47 49 51 54 56 58 60 62 64 66 69 71 73 76 78 80 82 85 87 89 91 93 96 2 3 5 99 98 9 11 13 19 17 21 72 68 23 27 57 59 35 74 75 41 39 46 48 55 53 52 61 67 65 79 90 84 83 88
1 2
1 99
1 72
4 3
4 5
4 20
4 57
4 90
6 5
6 78
8 9
8 98
10 11
10 9
12 13
12 11
14 13
16 17
18 17
18 19
20 19
20 21
22 21
24 23
26 27
28 23
28 27
31 60
34 78
34 35
36 35
38 39
40 39
40 41
42 41
42 76
45 56
45 46
47 46
47 48
49 48
51 52
54 53
54 55
56 93
56 55
56 57
58 57
58 59
60 59
60 61
62 61
64 65
66 65
66 67
69 72
69 68
71 72
73 72
73 74
76 75
78 79
80 79
82 83
85 9
87 88
89 84
89 88
89 90
91 90
96 68
96 23
2 3
99 98
68 67
74 75
53 52
84 83