5 10 12 14 16 19 21 22 26 28 33 36 37 40 41 42 47 48 50 57 58 62 67 69 72 73 76 80 81 85 87 88 89 92 94 95 97 9 31 39 60 59 27 2 43 18 61 34 6 24 13 17 23 7 45 4 54 0 32 55 70 35 52 38 3 51 1 46
5 27
5 67
5 32
5 18
5 9
5 55
10 60
12 59
12 3
14 43
16 61
19 2
19 27
21 6
22 4
22 34
26 6
26 40
28 24
33 13
36 7
37 45
37 0
40 13
40 34
41 17
41 1
42 59
42 9
42 54
42 24
47 4
48 54
50 0
57 2
58 76
62 4
69 18
72 39
72 60
73 0
76 32
80 70
81 38
85 39
87 3
88 51
89 1
92 51
94 46
95 7
97 39
97 31
9 31
9 34
9 46
27 45
2 43
18 17
18 61
18 35
17 23
23 7
45 51
55 70
35 52
52 38