4 5 7 8 12 13 14 17 20 21 22 23 27 29 30 31 32 33 34 41 43 44 46 48 49 52 56 57 59 60 61 63 68 69 71 72 73 74 76 77 78 79 80 82 84 86 88 91 93 95 96 92 90 54 37 65 85 53 11 26 36 67 94 42 45 75
4 26
4 46
4 92
4 85
4 36
4 54
5 46
7 90
8 37
12 92
12 17
13 92
14 44
20 92
20 73
20 56
21 93
22 53
23 30
23 85
27 11
29 26
30 74
30 32
31 60
31 57
33 68
34 86
41 53
41 85
43 67
44 65
46 77
46 84
46 65
48 80
49 78
49 86
52 65
57 92
59 45
59 92
59 90
61 96
63 94
68 26
68 95
69 80
71 77
72 42
76 54
76 37
79 45
80 36
82 90
84 75
84 94
86 54
88 11
88 54
91 75
93 54
96 85
26 42
36 67