0 1 4 5 8 9 12 13 16 17 20 21 24 25 28 29 32 33 36 37 40 41 44 45 48 49 52 53 56 57 60 61 64 65 68 69 72 73 76 77 80 81 84 85 88 89 92 93 96 97 2 3 6 7 10 11 14 15 18 19 22 23 26 27 30 31 34 35 38 39 42 43 46 47 98 94 90 86 82 78 74 70 66 62 58 54 99 95 91 87 83 79 75 71 67 63 59 55
0 1
0 98
0 2
1 3
1 99
4 2
4 6
5 7
5 3
8 10
8 6
9 11
9 7
12 14
12 10
13 15
13 11
16 18
16 14
17 19
17 15
20 22
20 18
21 23
21 19
24 22
24 26
25 27
25 23
28 26
28 30
29 27
29 31
32 30
32 34
33 35
33 31
36 38
36 34
37 35
37 39
40 38
40 42
41 43
41 39
44 46
44 42
45 47
45 43
48 46
49 47
52 54
53 55
56 58
56 54
57 59
57 55
60 62
60 58
61 59
61 63
64 66
64 62
65 67
65 63
68 66
68 70
69 71
69 67
72 74
72 70
73 71
73 75
76 78
76 74
77 75
77 79
80 78
80 82
81 83
81 79
84 82
84 86
85 87
85 83
88 86
88 90
89 91
89 87
92 94
92 90
93 91
93 95
96 98
96 94
97 99
97 95