0 2 3 4 6 7 8 9 11 13 14 15 16 19 21 22 28 34 35 36 37 38 39 40 41 43 44 46 47 51 55 59 64 65 66 68 70 72 73 79 83 84 88 89 91 92 98 18 74 30 75 76 77 78 58 81 82 85 86 87 90 94 95 96 97 99 17 61
0 68
0 77
0 98
0 79
0 97
0 86
0 35
0 90
0 75
0 74
0 89
0 96
0 94
0 73
0 78
0 95
0 82
0 83
0 92
0 91
0 76
0 85
0 84
0 99
0 87
0 88
0 81
2 70
3 11
3 74
4 34
4 46
6 75
6 59
7 76
8 55
8 77
9 64
9 78
13 68
14 58
15 81
16 82
19 66
19 85
21 86
22 87
28 43
28 90
36 41
36 94
37 38
38 95
39 96
40 97
44 99
46 30
47 17
47 65
51 61
59 58
68 61
70 30
70 18
72 58
83 17
84 18