0 1 5 6 10 14 21 23 24 29 32 34 37 39 44 45 46 48 49 50 53 54 56 58 59 61 62 63 65 66 68 71 72 77 78 79 81 84 86 87 88 90 93 94 95 97 98 22 75 82 15 99 30 19 73 74 55 43 26 52
0 82
0 32
0 21
0 26
0 39
0 14
1 34
1 32
5 14
6 22
10 22
14 74
14 56
21 93
21 55
21 43
21 46
21 22
23 75
24 82
29 46
32 50
32 73
32 45
37 84
39 79
39 99
39 75
39 15
39 30
44 99
46 86
46 72
46 19
46 71
48 54
48 30
49 82
49 90
53 19
58 15
59 81
61 73
62 63
62 82
65 74
66 55
68 93
68 95
77 43
78 84
81 99
84 15
87 93
88 93
93 97
94 52
98 15
26 52