1 4 5 7 8 10 12 14 16 17 20 22 24 26 31 34 37 40 44 47 49 51 54 55 58 60 63 65 67 69 71 74 77 80 83 85 87 89 92 95 98 3 15 19 23 25 27 28 33 35 39 42 43 38 50 48 52 57 56 59 61 62 70 72 73 79 82 84 88 94
1 3
1 4
4 5
7 8
7 3
8 10
10 12
12 14
14 16
14 15
16 19
17 15
20 22
20 19
22 23
24 23
24 25
24 27
26 25
31 33
31 28
34 35
34 33
37 35
37 38
37 39
40 39
40 42
44 43
47 48
49 48
49 50
51 52
51 48
54 55
54 52
55 57
55 56
58 56
58 59
60 61
60 59
60 62
63 61
65 62
67 69
67 62
69 70
71 72
71 70
74 73
74 77
77 79
80 82
80 79
83 84
83 82
85 84
85 87
87 88
89 88
89 92
92 94
95 94
95 98
27 28
42 43
38 50
72 73