0 2 4 6 8 10 12 14 16 18 21 23 25 27 29 31 33 35 36 38 40 42 44 46 48 50 51 54 57 59 60 62 64 66 68 70 71 74 77 80 81 83 86 88 90 92 94 96 97 1 3 5 22 76 98 13 11 89 91 20 19 24 26 87 30 32 47 41 45 53 15 93 61 78 79 65 67 95
0 1
0 89
0 98
2 3
2 1
4 3
4 5
4 42
6 5
8 76
10 11
12 11
12 13
14 13
16 15
16 91
18 61
18 19
21 20
21 1
21 22
23 24
23 53
23 22
25 74
25 24
25 26
27 26
29 30
31 30
33 32
35 47
35 36
38 5
40 41
42 41
44 45
46 47
46 20
48 47
50 51
51 24
54 53
57 15
59 60
60 93
62 61
64 65
66 79
66 67
66 65
68 67
70 71
71 87
77 22
77 76
80 81
80 79
83 19
86 87
86 30
88 87
88 78
88 89
90 89
90 91
90 95
92 32
92 93
92 91
94 95
96 13
96 97
97 98
97 45
20 19
78 79