2 11 14 21 25 26 27 30 33 36 37 38 41 43 44 45 48 49 50 51 52 56 57 58 60 61 62 64 66 67 68 69 71 72 73 74 76 77 78 79 80 81 82 83 84 85 86 87 89 90 91 92 93 94 95 96 97 98 70 54 46 24 75 88
2 98
2 96
2 97
2 61
2 75
2 87
2 92
2 81
2 46
2 84
2 70
2 88
2 94
2 57
2 51
2 43
2 93
2 54
2 24
2 71
2 91
11 97
14 51
21 98
25 81
26 84
27 70
30 57
33 93
36 71
37 54
38 57
41 70
44 71
45 54
48 51
49 97
50 54
51 80
52 94
56 92
58 46
60 24
62 75
64 24
66 81
67 94
68 96
69 46
72 75
73 54
74 93
76 88
77 97
78 92
79 54
81 85
81 89
82 75
83 54
84 95
86 87
90 92