0 1 4 7 9 10 13 16 18 19 20 22 24 25 28 32 33 35 36 38 39 40 42 43 44 48 49 50 52 54 55 57 58 62 63 65 66 69 73 75 76 77 78 79 83 85 87 89 90 93 95 98 60 17 80 23 46 86 6 27 37 68 96 12 88 84 29 5 8 47 14
0 86
0 6
0 69
0 60
1 8
1 60
4 17
7 23
9 46
10 80
10 85
10 95
13 89
16 27
18 25
18 37
19 68
20 96
22 37
22 63
22 46
22 12
22 60
24 12
28 29
32 33
32 98
32 88
35 69
35 73
35 78
36 5
38 27
38 6
38 14
39 80
39 23
40 47
40 55
42 8
43 48
43 52
43 44
43 6
49 5
49 69
50 96
50 55
52 90
54 47
55 57
55 17
55 5
57 75
58 87
58 60
58 65
62 29
62 84
66 88
69 80
69 88
69 68
76 14
77 80
79 5
83 68
89 86
93 86
88 84