0 2 4 6 8 9 11 13 15 17 19 21 23 25 27 29 31 33 35 37 39 41 43 45 47 49 51 53 55 57 59 61 63 65 67 69 71 73 75 77 79 81 83 85 87 89 91 93 95 97 98 3 5 7 10 12 18 24 22 26 28 30 1 48 46 44 42 40 38 36 34 50 52 54 56 58 60 62 64 66 68 70 72 74 76 78 80 82 84 86 88 90 92 94 96
0 1
0 2
2 3
4 3
4 5
6 5
6 7
8 7
8 9
9 10
11 10
11 12
11 24
13 10
13 15
17 12
17 18
19 18
21 22
23 24
23 22
25 24
25 26
27 26
27 28
29 28
29 30
31 30
33 34
35 36
35 34
37 38
37 36
39 40
39 38
41 42
41 40
43 44
43 42
45 46
45 44
47 48
47 46
49 1
49 48
49 50
51 50
51 52
53 52
53 54
55 54
55 56
57 56
57 58
59 58
59 60
61 60
61 62
63 62
63 64
65 64
65 66
67 66
67 68
69 68
69 70
71 70
71 72
73 72
73 74
75 74
75 76
77 76
77 78
79 80
79 78
81 80
81 82
83 82
83 84
85 84
85 86
87 86
87 88
89 90
89 88
91 90
91 92
93 92
93 94
95 94
95 96
97 96
97 98