0 1 2 3 6 7 11 12 13 14 16 17 19 22 23 28 30 31 32 37 38 39 41 44 45 47 48 52 56 57 59 65 68 76 77 78 82 87 88 92 93 94 95 96 98 53 27 70 71 61 9 66 10 69 55 89 25 34 97 50 42
0 37
0 10
0 1
0 87
0 27
0 9
0 69
0 66
0 53
0 70
1 45
1 3
1 50
1 89
2 53
2 52
6 38
7 70
11 71
12 61
13 53
14 96
16 37
17 9
19 66
22 27
23 71
28 10
30 39
31 69
32 55
37 61
37 88
37 71
37 93
38 27
38 68
39 87
41 10
44 89
45 92
47 10
48 66
56 27
57 25
59 10
65 34
76 27
77 69
78 87
82 97
94 50
95 42
96 9
98 69
53 25
70 55
10 97
69 34
69 42