0 2 4 6 8 11 13 15 17 19 20 22 24 26 28 31 33 35 37 39 40 42 44 46 48 51 53 55 57 59 60 62 64 66 68 71 73 75 77 79 80 82 84 86 88 91 93 95 97 99 1 3 5 7 10 14 16 18 12 23 25 27 21 32 38 30 41 34 36 50 43 45 47 54 56 58 52 61 63 65 67 72 74 76 78 70 81 83 85 87 90 92 94 96 98
0 1
0 10
2 1
2 3
2 12
4 3
4 5
4 14
6 5
6 7
6 16
8 7
11 10
11 21
13 14
13 23
15 14
15 25
17 16
17 18
19 18
20 10
20 30
22 23
22 32
24 23
24 34
26 25
26 27
26 36
28 27
28 38
31 32
31 41
33 32
33 43
35 25
35 45
37 27
37 47
39 38
40 41
40 50
42 41
42 52
44 34
44 54
46 36
48 38
51 50
51 61
53 43
53 63
55 54
55 56
55 65
57 56
57 58
57 67
59 58
60 50
60 70
62 52
62 72
64 54
66 56
68 58
71 61
71 81
73 72
73 74
75 74
75 76
77 76
77 78
79 78
80 81
80 90
82 81
82 83
84 83
84 85
86 85
86 87
88 87
91 90
91 92
93 92
93 94
95 94
95 96
97 96
97 98
99 98