0 2 6 7 9 10 12 14 15 16 17 18 19 20 21 22 25 28 29 30 32 33 35 38 42 43 45 49 61 65 67 68 81 82 84 85 89 93 94 96 97 66 69 88 70 71 13 73 37 74 75 76 77 78 79 80 83 86 87 90 91 95 99 31
0 13
0 42
0 94
0 81
0 35
0 78
0 96
0 74
0 90
0 85
0 99
0 88
0 70
0 87
0 77
0 67
0 66
0 68
0 73
0 93
0 75
0 91
0 82
0 95
0 80
0 65
0 71
0 97
0 76
0 89
0 86
0 79
0 69
0 83
0 84
2 66
6 61
6 69
7 30
9 70
10 71
12 13
14 73
15 37
16 74
17 75
18 76
19 77
20 78
21 79
22 80
25 83
28 86
29 87
30 88
32 49
32 90
33 91
38 95
43 99
45 31
89 31
94 37