0 2 4 5 6 8 10 11 12 14 16 17 18 20 22 23 24 26 28 29 30 32 34 35 36 38 40 41 42 44 46 47 48 50 52 53 54 56 58 59 60 62 64 65 66 68 70 71 72 74 76 77 78 80 82 83 84 86 88 89 90 92 94
0 4
0 5
0 2
4 6
6 11
6 8
6 10
11 12
12 17
12 14
12 16
17 18
18 20
18 22
18 23
23 24
24 26
24 29
24 28
29 30
30 35
30 34
30 32
35 36
36 40
36 38
36 41
41 42
42 44
42 47
42 46
47 48
48 53
48 50
48 52
53 54
54 56
54 58
54 59
59 60
60 62
60 64
60 65
65 66
66 71
66 68
66 70
71 72
72 77
72 74
72 76
77 78
78 83
78 82
78 80
83 84
84 86
84 89
84 88
89 90
90 92
90 94