0 5 6 7 8 9 12 14 15 17 19 22 23 24 25 26 32 33 34 35 36 37 40 52 55 62 63 64 65 67 73 77 80 81 82 84 85 87 89 90 93 94 95 97 98 10 45 70 30 49 38 66 57 83 42 39 88 76 11 18 41
0 45
0 80
0 10
0 42
0 30
0 12
0 88
0 89
5 12
6 37
7 70
8 30
9 49
12 18
14 73
15 38
17 66
19 63
22 37
23 80
24 57
25 83
26 42
32 33
33 10
34 63
35 66
36 57
37 10
40 89
52 42
55 39
62 88
63 81
63 45
64 85
65 49
67 94
67 10
73 45
73 41
77 57
80 66
80 76
80 57
82 76
84 39
85 88
87 30
89 39
89 83
89 49
89 11
90 11
93 18
95 41
97 10
98 42
45 70
30 38